handlers.get_photo	2024-04-10 16:58:21,810	CRITICAL	п÷п╬п╩я▄п╥п╬п╡п╟я┌п╣п╩я▄ %(message.from_user.id)s п╬я┌п©я─п╟п╡п╦п╩ я└п╬я┌п╬
NoneType: None
handlers.get_photo	2024-04-10 17:01:46,129	CRITICAL	п÷п╬п╩я▄п╥п╬п╡п╟я┌п╣п╩я▄ %(message.from_user.id)s п╬я┌п©я─п╟п╡п╦п╩ я└п╬я┌п╬
NoneType: None
handlers.get_photo	2024-04-10 18:36:59,655	CRITICAL	оНКЭГНБЮРЕКЭ %(message.from_user.id)s НРОПЮБХК ТНРН
NoneType: None
handlers.get_photo	2024-04-10 18:38:21,979	CRITICAL	оНКЭГНБЮРЕКЭ %(message.from_user.id)s НРОПЮБХК ТНРН
NoneType: None
handlers.get_photo	2024-04-10 18:39:07,746	CRITICAL	оНКЭГНБЮРЕКЭ %(message.from_user.id)s НРОПЮБХК ТНРН
NoneType: None
handlers.get_photo	2024-04-10 18:39:40,918	CRITICAL	оНКЭГНБЮРЕКЭ %(message.from_user.id)s НРОПЮБХК ТНРН
NoneType: None
handlers.get_photo	2024-04-10 18:40:24,942	CRITICAL	оНКЭГНБЮРЕКЭ %(message.from_user.id)s НРОПЮБХК ТНРН
NoneType: None
handlers.get_photo	2024-04-10 18:55:43,492	CRITICAL	оНКЭГНБЮРЕКЭ %(message.from_user.id)s НРОПЮБХК ТНРН
NoneType: None
handlers.get_photo	2024-04-10 18:55:57,291	CRITICAL	хГНАПЮФЕМХЕ ДКЪ ОНКЭГНБЮРЕКЪ %(message.from_user.id)s СЯОЕЬМН ЯНГДЮМН Х ЦНРНБН ДКЪ ПЕДЮЙРХПНБЮМХЪ
NoneType: None
handlers.get_photo	2024-04-10 18:57:42,394	CRITICAL	оНКЭГНБЮРЕКЭ %(message.from_user.id)s НРОПЮБХК ТНРН
NoneType: None
handlers.get_photo	2024-04-10 18:57:44,568	CRITICAL	оНКЭГНБЮРЕКЭ %(message.from_user.id)s НРОПЮБХК ТНРН
NoneType: None
handlers.get_photo	2024-04-10 18:57:45,884	CRITICAL	хГНАПЮФЕМХЕ ДКЪ ОНКЭГНБЮРЕКЪ %(message.from_user.id)s СЯОЕЬМН ЯНГДЮМН Х ЦНРНБН ДКЪ ПЕДЮЙРХПНБЮМХЪ
NoneType: None
handlers.get_photo	2024-04-10 18:57:46,418	CRITICAL	хГНАПЮФЕМХЕ ДКЪ ОНКЭГНБЮРЕКЪ %(message.from_user.id)s СЯОЕЬМН ЯНГДЮМН Х ЦНРНБН ДКЪ ПЕДЮЙРХПНБЮМХЪ
NoneType: None
handlers.get_photo	2024-04-10 18:59:58,260	CRITICAL	оНКЭГНБЮРЕКЭ %(message.from_user.id)s НРОПЮБХК ТНРН
NoneType: None
handlers.get_photo	2024-04-10 19:00:00,132	CRITICAL	хГНАПЮФЕМХЕ ДКЪ ОНКЭГНБЮРЕКЪ %(message.from_user.id)s СЯОЕЬМН ЯНГДЮМН Х ЦНРНБН ДКЪ ПЕДЮЙРХПНБЮМХЪ
NoneType: None
handlers.get_photo	2024-04-10 19:00:54,763	CRITICAL	оНКЭГНБЮРЕКЭ %(message.from_user.id)s НРОПЮБХК ТНРН
NoneType: None
handlers.get_photo	2024-04-10 19:00:56,467	CRITICAL	оНКЭГНБЮРЕКЭ %(message.from_user.id)s НРОПЮБХК ТНРН
NoneType: None
handlers.get_photo	2024-04-10 19:00:58,196	CRITICAL	хГНАПЮФЕМХЕ ДКЪ ОНКЭГНБЮРЕКЪ %(message.from_user.id)s СЯОЕЬМН ЯНГДЮМН Х ЦНРНБН ДКЪ ПЕДЮЙРХПНБЮМХЪ
NoneType: None
handlers.get_photo	2024-04-10 19:00:58,500	CRITICAL	хГНАПЮФЕМХЕ ДКЪ ОНКЭГНБЮРЕКЪ %(message.from_user.id)s СЯОЕЬМН ЯНГДЮМН Х ЦНРНБН ДКЪ ПЕДЮЙРХПНБЮМХЪ
NoneType: None
handlers.get_photo	2024-04-10 19:10:01,401	CRITICAL	оНКЭГНБЮРЕКЭ %(message.from_user.id)s НРОПЮБХК ТНРН
NoneType: None
handlers.get_photo	2024-04-10 19:10:03,145	CRITICAL	оНКЭГНБЮРЕКЭ %(message.from_user.id)s НРОПЮБХК ТНРН
NoneType: None
handlers.get_photo	2024-04-10 19:10:04,804	CRITICAL	хГНАПЮФЕМХЕ ДКЪ ОНКЭГНБЮРЕКЪ %(message.from_user.id)s СЯОЕЬМН ЯНГДЮМН Х ЦНРНБН ДКЪ ПЕДЮЙРХПНБЮМХЪ
NoneType: None
handlers.get_photo	2024-04-10 19:10:05,010	CRITICAL	хГНАПЮФЕМХЕ ДКЪ ОНКЭГНБЮРЕКЪ %(message.from_user.id)s СЯОЕЬМН ЯНГДЮМН Х ЦНРНБН ДКЪ ПЕДЮЙРХПНБЮМХЪ
NoneType: None
handlers.get_photo	2024-04-10 19:14:00,060	CRITICAL	оНКЭГНБЮРЕКЭ %(message.from_user.id)s НРОПЮБХК ТНРН
NoneType: None
handlers.get_photo	2024-04-10 19:14:01,765	CRITICAL	оНКЭГНБЮРЕКЭ %(message.from_user.id)s НРОПЮБХК ТНРН
NoneType: None
handlers.get_photo	2024-04-10 19:14:03,527	CRITICAL	хГНАПЮФЕМХЕ ДКЪ ОНКЭГНБЮРЕКЪ %(message.from_user.id)s СЯОЕЬМН ЯНГДЮМН Х ЦНРНБН ДКЪ ПЕДЮЙРХПНБЮМХЪ
NoneType: None
handlers.get_photo	2024-04-10 19:14:03,680	CRITICAL	хГНАПЮФЕМХЕ ДКЪ ОНКЭГНБЮРЕКЪ %(message.from_user.id)s СЯОЕЬМН ЯНГДЮМН Х ЦНРНБН ДКЪ ПЕДЮЙРХПНБЮМХЪ
NoneType: None
handlers.get_photo	2024-04-10 19:17:53,787	CRITICAL	оНКЭГНБЮРЕКЭ %(message.from_user.id)s НРОПЮБХК ТНРН
NoneType: None
handlers.get_photo	2024-04-10 19:17:55,729	CRITICAL	хГНАПЮФЕМХЕ ДКЪ ОНКЭГНБЮРЕКЪ %(message.from_user.id)s СЯОЕЬМН ЯНГДЮМН Х ЦНРНБН ДКЪ ПЕДЮЙРХПНБЮМХЪ
NoneType: None
handlers.get_photo	2024-04-10 19:18:35,879	CRITICAL	оНКЭГНБЮРЕКЭ %(message.from_user.id)s НРОПЮБХК ТНРН
NoneType: None
handlers.get_photo	2024-04-10 19:18:37,941	CRITICAL	хГНАПЮФЕМХЕ ДКЪ ОНКЭГНБЮРЕКЪ %(message.from_user.id)s СЯОЕЬМН ЯНГДЮМН Х ЦНРНБН ДКЪ ПЕДЮЙРХПНБЮМХЪ
NoneType: None
handlers.get_photo	2024-04-10 19:20:26,208	CRITICAL	оНКЭГНБЮРЕКЭ %(message.from_user.id)s НРОПЮБХК ТНРН
NoneType: None
handlers.get_photo	2024-04-10 19:20:28,178	CRITICAL	хГНАПЮФЕМХЕ ДКЪ ОНКЭГНБЮРЕКЪ %(message.from_user.id)s СЯОЕЬМН ЯНГДЮМН Х ЦНРНБН ДКЪ ПЕДЮЙРХПНБЮМХЪ
NoneType: None
handlers.get_photo	2024-04-10 19:38:27,849	CRITICAL	оНКЭГНБЮРЕКЭ %(message.from_user.id)s НРОПЮБХК ТНРН
NoneType: None
handlers.get_photo	2024-04-10 19:38:30,232	CRITICAL	хГНАПЮФЕМХЕ ДКЪ ОНКЭГНБЮРЕКЪ %(message.from_user.id)s СЯОЕЬМН ЯНГДЮМН Х ЦНРНБН ДКЪ ПЕДЮЙРХПНБЮМХЪ
NoneType: None
handlers.get_photo	2024-04-10 19:50:23,097	CRITICAL	оНКЭГНБЮРЕКЭ %(message.from_user.id)s НРОПЮБХК ТНРН
NoneType: None
handlers.get_photo	2024-04-10 19:50:24,510	CRITICAL	оНКЭГНБЮРЕКЭ %(message.from_user.id)s НРОПЮБХК ТНРН
NoneType: None
handlers.get_photo	2024-04-10 19:50:26,722	CRITICAL	хГНАПЮФЕМХЕ ДКЪ ОНКЭГНБЮРЕКЪ %(message.from_user.id)s СЯОЕЬМН ЯНГДЮМН Х ЦНРНБН ДКЪ ПЕДЮЙРХПНБЮМХЪ
NoneType: None
handlers.get_photo	2024-04-10 19:50:26,929	CRITICAL	хГНАПЮФЕМХЕ ДКЪ ОНКЭГНБЮРЕКЪ %(message.from_user.id)s СЯОЕЬМН ЯНГДЮМН Х ЦНРНБН ДКЪ ПЕДЮЙРХПНБЮМХЪ
NoneType: None
handlers.get_photo	2024-04-10 19:50:27,051	CRITICAL	оНКЭГНБЮРЕКЭ %(message.from_user.id)s НРОПЮБХК ТНРН
NoneType: None
handlers.get_photo	2024-04-10 19:50:29,285	CRITICAL	хГНАПЮФЕМХЕ ДКЪ ОНКЭГНБЮРЕКЪ %(message.from_user.id)s СЯОЕЬМН ЯНГДЮМН Х ЦНРНБН ДКЪ ПЕДЮЙРХПНБЮМХЪ
NoneType: None
handlers.get_photo	2024-04-10 20:36:13,374	CRITICAL	оНКЭГНБЮРЕКЭ %(message.from_user.id)s НРОПЮБХК ТНРН
NoneType: None
handlers.get_photo	2024-04-10 20:36:15,585	CRITICAL	хГНАПЮФЕМХЕ ДКЪ ОНКЭГНБЮРЕКЪ %(message.from_user.id)s СЯОЕЬМН ЯНГДЮМН Х ЦНРНБН ДКЪ ПЕДЮЙРХПНБЮМХЪ
NoneType: None
handlers.get_photo	2024-04-10 20:38:02,811	CRITICAL	оНКЭГНБЮРЕКЭ %(message.from_user.id)s НРОПЮБХК ТНРН
NoneType: None
handlers.get_photo	2024-04-10 20:38:04,755	CRITICAL	хГНАПЮФЕМХЕ ДКЪ ОНКЭГНБЮРЕКЪ %(message.from_user.id)s СЯОЕЬМН ЯНГДЮМН Х ЦНРНБН ДКЪ ПЕДЮЙРХПНБЮМХЪ
NoneType: None
handlers.get_photo	2024-04-10 20:38:37,725	CRITICAL	оНКЭГНБЮРЕКЭ %(message.from_user.id)s НРОПЮБХК ТНРН
NoneType: None
handlers.get_photo	2024-04-10 20:38:40,862	CRITICAL	хГНАПЮФЕМХЕ ДКЪ ОНКЭГНБЮРЕКЪ %(message.from_user.id)s СЯОЕЬМН ЯНГДЮМН Х ЦНРНБН ДКЪ ПЕДЮЙРХПНБЮМХЪ
NoneType: None
handlers.get_photo	2024-04-10 20:39:19,923	CRITICAL	оНКЭГНБЮРЕКЭ %(message.from_user.id)s НРОПЮБХК ТНРН
NoneType: None
handlers.get_photo	2024-04-10 20:39:22,064	CRITICAL	хГНАПЮФЕМХЕ ДКЪ ОНКЭГНБЮРЕКЪ %(message.from_user.id)s СЯОЕЬМН ЯНГДЮМН Х ЦНРНБН ДКЪ ПЕДЮЙРХПНБЮМХЪ
NoneType: None
handlers.get_photo	2024-04-10 20:39:55,048	CRITICAL	оНКЭГНБЮРЕКЭ %(message.from_user.id)s НРОПЮБХК ТНРН
NoneType: None
handlers.get_photo	2024-04-10 20:39:57,028	CRITICAL	хГНАПЮФЕМХЕ ДКЪ ОНКЭГНБЮРЕКЪ %(message.from_user.id)s СЯОЕЬМН ЯНГДЮМН Х ЦНРНБН ДКЪ ПЕДЮЙРХПНБЮМХЪ
NoneType: None
handlers.get_photo	2024-04-10 20:40:41,191	CRITICAL	оНКЭГНБЮРЕКЭ %(message.from_user.id)s НРОПЮБХК ТНРН
NoneType: None
handlers.get_photo	2024-04-10 20:40:42,974	CRITICAL	хГНАПЮФЕМХЕ ДКЪ ОНКЭГНБЮРЕКЪ %(message.from_user.id)s СЯОЕЬМН ЯНГДЮМН Х ЦНРНБН ДКЪ ПЕДЮЙРХПНБЮМХЪ
NoneType: None
handlers.get_photo	2024-04-10 20:42:16,654	CRITICAL	оНКЭГНБЮРЕКЭ %(message.from_user.id)s НРОПЮБХК ТНРН
NoneType: None
handlers.get_photo	2024-04-10 20:42:18,639	CRITICAL	хГНАПЮФЕМХЕ ДКЪ ОНКЭГНБЮРЕКЪ %(message.from_user.id)s СЯОЕЬМН ЯНГДЮМН Х ЦНРНБН ДКЪ ПЕДЮЙРХПНБЮМХЪ
NoneType: None
handlers.get_photo	2024-04-10 20:44:14,087	CRITICAL	оНКЭГНБЮРЕКЭ %(message.from_user.id)s НРОПЮБХК ТНРН
NoneType: None
handlers.get_photo	2024-04-10 20:44:16,394	CRITICAL	хГНАПЮФЕМХЕ ДКЪ ОНКЭГНБЮРЕКЪ %(message.from_user.id)s СЯОЕЬМН ЯНГДЮМН Х ЦНРНБН ДКЪ ПЕДЮЙРХПНБЮМХЪ
NoneType: None
handlers.get_photo	2024-04-10 20:45:17,875	CRITICAL	оНКЭГНБЮРЕКЭ %(message.from_user.id)s НРОПЮБХК ТНРН
NoneType: None
handlers.get_photo	2024-04-10 20:45:20,052	CRITICAL	хГНАПЮФЕМХЕ ДКЪ ОНКЭГНБЮРЕКЪ %(message.from_user.id)s СЯОЕЬМН ЯНГДЮМН Х ЦНРНБН ДКЪ ПЕДЮЙРХПНБЮМХЪ
NoneType: None
handlers.get_photo	2024-04-10 20:51:30,633	CRITICAL	оНКЭГНБЮРЕКЭ %(message.from_user.id)s НРОПЮБХК ТНРН
NoneType: None
handlers.get_photo	2024-04-10 20:52:36,972	CRITICAL	оНКЭГНБЮРЕКЭ %(message.from_user.id)s НРОПЮБХК ТНРН
NoneType: None
handlers.get_photo	2024-04-10 20:53:37,229	CRITICAL	оНКЭГНБЮРЕКЭ %(message.from_user.id)s НРОПЮБХК ТНРН
NoneType: None
handlers.get_photo	2024-04-10 20:54:14,733	CRITICAL	хГНАПЮФЕМХЕ ДКЪ ОНКЭГНБЮРЕКЪ %(message.from_user.id)s СЯОЕЬМН ЯНГДЮМН Х ЦНРНБН ДКЪ ПЕДЮЙРХПНБЮМХЪ
NoneType: None
handlers.get_photo	2024-04-10 20:55:42,788	CRITICAL	оНКЭГНБЮРЕКЭ %(message.from_user.id)s НРОПЮБХК ТНРН
NoneType: None
handlers.get_photo	2024-04-10 20:56:27,923	CRITICAL	оНКЭГНБЮРЕКЭ %(message.from_user.id)s НРОПЮБХК ТНРН
NoneType: None
handlers.get_photo	2024-04-10 20:57:18,869	CRITICAL	оНКЭГНБЮРЕКЭ %(message.from_user.id)s НРОПЮБХК ТНРН
NoneType: None
handlers.get_photo	2024-04-10 20:58:11,211	CRITICAL	оНКЭГНБЮРЕКЭ %(message.from_user.id)s НРОПЮБХК ТНРН
NoneType: None
handlers.get_photo	2024-04-10 21:03:00,353	CRITICAL	оНКЭГНБЮРЕКЭ %(message.from_user.id)s НРОПЮБХК ТНРН
NoneType: None
handlers.get_photo	2024-04-10 21:03:02,478	CRITICAL	хГНАПЮФЕМХЕ ДКЪ ОНКЭГНБЮРЕКЪ %(message.from_user.id)s СЯОЕЬМН ЯНГДЮМН Х ЦНРНБН ДКЪ ПЕДЮЙРХПНБЮМХЪ
NoneType: None
handlers.get_photo	2024-04-11 09:26:50,338	CRITICAL	п÷п╬п╩я▄п╥п╬п╡п╟я┌п╣п╩я▄ %(message.from_user.id)s п╬я┌п©я─п╟п╡п╦п╩ я└п╬я┌п╬
NoneType: None
handlers.get_photo	2024-04-11 09:26:54,043	CRITICAL	п≤п╥п╬п╠я─п╟п╤п╣п╫п╦п╣ п╢п╩я▐ п©п╬п╩я▄п╥п╬п╡п╟я┌п╣п╩я▐ %(message.from_user.id)s я┐я│п©п╣я┬п╫п╬ я│п╬п╥п╢п╟п╫п╬ п╦ пЁп╬я┌п╬п╡п╬ п╢п╩я▐ я─п╣п╢п╟п╨я┌п╦я─п╬п╡п╟п╫п╦я▐
NoneType: None
