__main__	2024-04-11 11:41:47,612	WARNING	Заканчивается свободное место на диске, осталось свободно: 1.977049088 Гб
NoneType: None
__main__	2024-04-11 11:46:00,854	WARNING	Заканчивается свободное место на диске, осталось свободно: 1.977049088 Гб
NoneType: None
__main__	2024-04-11 11:46:10,883	ERROR	Ошибка подключения клиента к API
Traceback (most recent call last):
  File "/home/laptev/anaconda3/lib/python3.9/site-packages/aiohttp/connector.py", line 1173, in _create_direct_connection
    hosts = await asyncio.shield(host_resolved)
  File "/home/laptev/anaconda3/lib/python3.9/site-packages/aiohttp/connector.py", line 884, in _resolve_host
    addrs = await self._resolver.resolve(host, port, family=self._family)
  File "/home/laptev/anaconda3/lib/python3.9/site-packages/aiohttp/resolver.py", line 33, in resolve
    infos = await self._loop.getaddrinfo(
  File "/home/laptev/anaconda3/lib/python3.9/asyncio/base_events.py", line 861, in getaddrinfo
    return await self.run_in_executor(
  File "/home/laptev/anaconda3/lib/python3.9/concurrent/futures/thread.py", line 58, in run
    result = self.fn(*self.args, **self.kwargs)
  File "/home/laptev/anaconda3/lib/python3.9/socket.py", line 954, in getaddrinfo
    for res in _socket.getaddrinfo(host, port, family, type, proto, flags):
socket.gaierror: [Errno -3] Temporary failure in name resolution

The above exception was the direct cause of the following exception:

Traceback (most recent call last):
  File "/home/laptev/anaconda3/lib/python3.9/site-packages/aiogram/client/session/aiohttp.py", line 170, in make_request
    async with session.post(
  File "/home/laptev/anaconda3/lib/python3.9/site-packages/aiohttp/client.py", line 1194, in __aenter__
    self._resp = await self._coro
  File "/home/laptev/anaconda3/lib/python3.9/site-packages/aiohttp/client.py", line 578, in _request
    conn = await self._connector.connect(
  File "/home/laptev/anaconda3/lib/python3.9/site-packages/aiohttp/connector.py", line 544, in connect
    proto = await self._create_connection(req, traces, timeout)
  File "/home/laptev/anaconda3/lib/python3.9/site-packages/aiohttp/connector.py", line 911, in _create_connection
    _, proto = await self._create_direct_connection(req, traces, timeout)
  File "/home/laptev/anaconda3/lib/python3.9/site-packages/aiohttp/connector.py", line 1187, in _create_direct_connection
    raise ClientConnectorError(req.connection_key, exc) from exc
aiohttp.client_exceptions.ClientConnectorError: Cannot connect to host api.telegram.org:443 ssl:default [Temporary failure in name resolution]

During handling of the above exception, another exception occurred:

Traceback (most recent call last):
  File "/home/laptev/Документы/Projects/flasks/fucking_game/telegram_bot_for_flasks.py", line 67, in main
    await bot.delete_webhook(drop_pending_updates=True)
  File "/home/laptev/anaconda3/lib/python3.9/site-packages/aiogram/client/bot.py", line 1284, in delete_webhook
    return await self(call, request_timeout=request_timeout)
  File "/home/laptev/anaconda3/lib/python3.9/site-packages/aiogram/client/bot.py", line 492, in __call__
    return await self.session(self, method, timeout=request_timeout)
  File "/home/laptev/anaconda3/lib/python3.9/site-packages/aiogram/client/session/base.py", line 254, in __call__
    return cast(TelegramType, await middleware(bot, method))
  File "/home/laptev/anaconda3/lib/python3.9/site-packages/aiogram/client/session/aiohttp.py", line 177, in make_request
    raise TelegramNetworkError(method=method, message=f"{type(e).__name__}: {e}")
aiogram.exceptions.TelegramNetworkError: HTTP Client says - ClientConnectorError: Cannot connect to host api.telegram.org:443 ssl:default [Temporary failure in name resolution]
__main__	2024-04-11 11:46:49,002	WARNING	Заканчивается свободное место на диске, осталось свободно: 1.977049088 Гб
NoneType: None
__main__	2024-04-11 11:48:55,524	WARNING	Заканчивается свободное место на диске, осталось свободно: 1.977049088 Гб
NoneType: None
__main__	2024-04-11 11:56:24,321	WARNING	Заканчивается свободное место на диске, осталось свободно: 1.977049088 Гб
NoneType: None
__main__	2024-04-16 11:07:10,774	WARNING	Заканчивается свободное место на диске, осталось свободно: 1.975017472 Гб
NoneType: None
__main__	2024-04-16 11:18:58,373	WARNING	Заканчивается свободное место на диске, осталось свободно: 1.975017472 Гб
NoneType: None
__main__	2024-04-17 09:26:24,517	WARNING	Заканчивается свободное место на диске, осталось свободно: 1.977049088 Гб
NoneType: None
__main__	2024-04-17 15:57:34,409	WARNING	Заканчивается свободное место на диске, осталось свободно: 1.977049088 Гб
NoneType: None
__main__	2024-04-17 16:00:12,833	WARNING	Заканчивается свободное место на диске, осталось свободно: 1.977049088 Гб
NoneType: None
__main__	2024-04-17 16:06:46,101	WARNING	Заканчивается свободное место на диске, осталось свободно: 1.977049088 Гб
NoneType: None
__main__	2024-04-17 16:09:00,752	WARNING	Заканчивается свободное место на диске, осталось свободно: 1.977049088 Гб
NoneType: None
