keyboards.all_my_keyboards	2024-06-29 13:07:33,012	INFO	Вывод приветствия
keyboards.all_my_keyboards	2024-07-19 18:28:57,127	INFO	Вывод приветствия
keyboards.all_my_keyboards	2024-07-19 18:29:13,237	INFO	Результат успешно найден
keyboards.all_my_keyboards	2024-07-19 18:30:53,302	INFO	Вывод приветствия
keyboards.all_my_keyboards	2024-07-19 18:32:35,975	INFO	Вывод приветствия
keyboards.all_my_keyboards	2024-07-19 18:33:04,572	INFO	Результат успешно найден
keyboards.all_my_keyboards	2024-07-19 18:34:57,417	INFO	Вывод приветствия
keyboards.all_my_keyboards	2024-07-19 18:35:10,103	INFO	Результат успешно найден
keyboards.all_my_keyboards	2024-07-19 18:36:52,065	INFO	Результат успешно найден
keyboards.all_my_keyboards	2024-07-19 18:37:15,820	INFO	Расстановка кнопок в правильном порядке
keyboards.all_my_keyboards	2024-07-19 18:37:15,820	INFO	Составлен список неопределенных кнопок
keyboards.all_my_keyboards	2024-07-19 18:37:20,243	INFO	Расстановка кнопок в правильном порядке
keyboards.all_my_keyboards	2024-07-19 18:37:20,243	INFO	Составлен список неопределенных кнопок
keyboards.all_my_keyboards	2024-07-19 18:37:24,307	INFO	Расстановка кнопок в правильном порядке
keyboards.all_my_keyboards	2024-07-19 18:37:24,307	INFO	Составлен список неопределенных кнопок
keyboards.all_my_keyboards	2024-07-19 18:38:17,294	INFO	Результат успешно найден
keyboards.all_my_keyboards	2024-07-19 18:38:48,911	INFO	Результат не найден
keyboards.all_my_keyboards	2024-07-19 18:39:15,552	INFO	Результат не найден
keyboards.all_my_keyboards	2024-07-19 18:39:25,730	INFO	Результат успешно найден
keyboards.all_my_keyboards	2024-07-19 18:40:03,579	INFO	Вывод приветствия
keyboards.all_my_keyboards	2024-07-19 18:40:29,728	INFO	Результат не найден
keyboards.all_my_keyboards	2024-07-19 18:40:48,214	INFO	Результат успешно найден
keyboards.all_my_keyboards	2024-07-19 18:42:15,416	INFO	Результат не найден
